<?xml version="1.0" encoding="UTF-8"?>
<!-- Generated by org.testng.reporters.JUnitXMLReporter -->
<testsuite ignored="0" hostname="DESKTOP-UCGEB66" failures="0" tests="3" name="Regression" time="8.367" errors="0" timestamp="2022-05-10T21:49:30 EDT">
  <testcase classname="M.common.Utility" name="@BeforeClass beforeClass" time="-1.652233770691E9">
    <failure type="org.testng.TestNGException" message="
Can inject only one of &amp;lt;ITestContext, XmlTest&amp;gt; into a @BeforeClass annotated beforeClass.
For more information on native dependency injection please refer to https://testng.org/doc/documentation-main.html#native-dependency-injection">
      <![CDATA[org.testng.TestNGException: 
Can inject only one of <ITestContext, XmlTest> into a @BeforeClass annotated beforeClass.
For more information on native dependency injection please refer to https://testng.org/doc/documentation-main.html#native-dependency-injection
at java.base/java.util.ArrayList.forEach(ArrayList.java:1541)
... Removed 22 stack frames]]>
    </failure>
  </testcase> <!-- @BeforeClass beforeClass -->
  <testcase classname="M.common.Utility" name="@AfterClass afterClass" time="0.0">
    <skipped/>
  </testcase> <!-- @AfterClass afterClass -->
  <testcase classname="PIIT.AutomationTrainingProgram.Browserss" name="f" time="0.213"/>
  <testcase classname="PIIT.AutomationTrainingProgram.Signout" name="f" time="0.0">
    <skipped/>
  </testcase> <!-- f -->
  <testcase classname="PIIT.AutomationTrainingProgram.Signout" name="TextVerify" time="0.0">
    <skipped/>
  </testcase> <!-- TextVerify -->
</testsuite> <!-- Regression -->
